2022-08-23 09:43:58,460 INFO org.springframework.boot.StartupInfoLogger [main] Starting SendBulkSmsServiceApplicationTests using Java 1.8.0_332 on BONIFACE-PC with PID 20852 (started by sboniface in F:\projects\PostBank\sendBulkSmsService)
2022-08-23 09:43:58,468 INFO org.springframework.boot.SpringApplication [main] No active profile set, falling back to 1 default profile: "default"
2022-08-23 09:44:02,868 INFO org.springframework.boot.StartupInfoLogger [main] Started SendBulkSmsServiceApplicationTests in 5.004 seconds (JVM running for 6.247)
2022-08-23 16:55:38,881 INFO org.springframework.boot.StartupInfoLogger [restartedMain] Starting SendBulkSmsServiceApplication using Java 1.8.0_332 on BONIFACE-PC with PID 24764 (F:\projects\PostBank\sendBulkSmsService\target\classes started by sboniface in F:\projects\PostBank\sendBulkSmsService)
2022-08-23 16:55:38,886 INFO org.springframework.boot.SpringApplication [restartedMain] No active profile set, falling back to 1 default profile: "default"
2022-08-23 16:55:38,965 INFO org.springframework.boot.logging.DeferredLog [restartedMain] The Class-Path manifest attribute in C:\Users\sboniface\.m2\repository\org\tallison\metadata-extractor\2.13.0\metadata-extractor-2.13.0.jar referenced one or more files that do not exist: file:/C:/Users/sboniface/.m2/repository/org/tallison/metadata-extractor/2.13.0/xmpcore-shaded-6.1.10.jar,file:/C:/Users/sboniface/.m2/repository/org/tallison/metadata-extractor/2.13.0/xmpcore-6.1.10.jar
2022-08-23 16:55:38,965 INFO org.springframework.boot.logging.DeferredLog [restartedMain] Devtools property defaults active! Set 'spring.devtools.add-properties' to 'false' to disable
2022-08-23 16:55:38,966 INFO org.springframework.boot.logging.DeferredLog [restartedMain] For additional web related logging consider setting the 'logging.level.web' property to 'DEBUG'
2022-08-23 16:55:40,735 INFO org.springframework.boot.web.embedded.tomcat.TomcatWebServer [restartedMain] Tomcat initialized with port(s): 9190 (http)
2022-08-23 16:55:40,744 INFO org.apache.juli.logging.DirectJDKLog [restartedMain] Initializing ProtocolHandler ["http-nio-9190"]
2022-08-23 16:55:40,746 INFO org.apache.juli.logging.DirectJDKLog [restartedMain] Starting service [Tomcat]
2022-08-23 16:55:40,746 INFO org.apache.juli.logging.DirectJDKLog [restartedMain] Starting Servlet engine: [Apache Tomcat/9.0.65]
2022-08-23 16:55:40,919 INFO org.apache.juli.logging.DirectJDKLog [restartedMain] Initializing Spring embedded WebApplicationContext
2022-08-23 16:55:40,920 INFO org.springframework.boot.web.servlet.context.ServletWebServerApplicationContext [restartedMain] Root WebApplicationContext: initialization completed in 1954 ms
2022-08-23 16:55:41,676 WARN org.springframework.boot.devtools.autoconfigure.OptionalLiveReloadServer [restartedMain] Unable to start LiveReload server
2022-08-23 16:55:41,698 INFO org.apache.juli.logging.DirectJDKLog [restartedMain] Starting ProtocolHandler ["http-nio-9190"]
2022-08-23 16:55:41,721 INFO org.springframework.boot.web.embedded.tomcat.TomcatWebServer [restartedMain] Tomcat started on port(s): 9190 (http) with context path ''
2022-08-23 16:55:41,736 INFO org.springframework.boot.StartupInfoLogger [restartedMain] Started SendBulkSmsServiceApplication in 3.611 seconds (JVM running for 6.486)
2022-08-23 16:56:11,883 INFO org.apache.juli.logging.DirectJDKLog [http-nio-9190-exec-2] Initializing Spring DispatcherServlet 'dispatcherServlet'
2022-08-23 16:56:11,886 INFO org.springframework.web.servlet.FrameworkServlet [http-nio-9190-exec-2] Initializing Servlet 'dispatcherServlet'
2022-08-23 16:56:11,887 INFO org.springframework.web.servlet.FrameworkServlet [http-nio-9190-exec-2] Completed initialization in 1 ms
2022-08-23 16:56:11,977 INFO com.sammy.sendbulksmsservice.v2.FilesStorageServiceImpl [http-nio-9190-exec-2] file name printed >>..
2022-08-23 16:56:14,073 INFO com.sammy.sendbulksmsservice.v2.V2Controller [http-nio-9190-exec-2] deleted the folder successfully after completion

2022-08-23 17:15:37,071 INFO org.springframework.boot.StartupInfoLogger [main] Starting SendBulkSmsServiceApplicationTests using Java 1.8.0_332 on BONIFACE-PC with PID 33544 (started by sboniface in F:\projects\PostBank\sendBulkSmsService)
2022-08-23 17:15:37,074 INFO org.springframework.boot.SpringApplication [main] No active profile set, falling back to 1 default profile: "default"
2022-08-23 17:15:46,833 INFO org.springframework.boot.StartupInfoLogger [main] Started SendBulkSmsServiceApplicationTests in 10.468 seconds (JVM running for 11.849)
2022-08-23 17:41:54,724 INFO org.springframework.boot.StartupInfoLogger [restartedMain] Starting SendBulkSmsServiceApplication using Java 1.8.0_332 on BONIFACE-PC with PID 39280 (F:\projects\PostBank\sendBulkSmsService\target\classes started by sboniface in F:\projects\PostBank\sendBulkSmsService)
2022-08-23 17:41:54,727 INFO org.springframework.boot.SpringApplication [restartedMain] No active profile set, falling back to 1 default profile: "default"
2022-08-23 17:41:54,765 INFO org.springframework.boot.logging.DeferredLog [restartedMain] The Class-Path manifest attribute in C:\Users\sboniface\.m2\repository\org\tallison\metadata-extractor\2.13.0\metadata-extractor-2.13.0.jar referenced one or more files that do not exist: file:/C:/Users/sboniface/.m2/repository/org/tallison/metadata-extractor/2.13.0/xmpcore-shaded-6.1.10.jar,file:/C:/Users/sboniface/.m2/repository/org/tallison/metadata-extractor/2.13.0/xmpcore-6.1.10.jar
2022-08-23 17:41:54,766 INFO org.springframework.boot.logging.DeferredLog [restartedMain] Devtools property defaults active! Set 'spring.devtools.add-properties' to 'false' to disable
2022-08-23 17:41:54,766 INFO org.springframework.boot.logging.DeferredLog [restartedMain] For additional web related logging consider setting the 'logging.level.web' property to 'DEBUG'
2022-08-23 17:41:55,668 INFO org.springframework.boot.web.embedded.tomcat.TomcatWebServer [restartedMain] Tomcat initialized with port(s): 9190 (http)
2022-08-23 17:41:55,674 INFO org.apache.juli.logging.DirectJDKLog [restartedMain] Initializing ProtocolHandler ["http-nio-9190"]
2022-08-23 17:41:55,675 INFO org.apache.juli.logging.DirectJDKLog [restartedMain] Starting service [Tomcat]
2022-08-23 17:41:55,675 INFO org.apache.juli.logging.DirectJDKLog [restartedMain] Starting Servlet engine: [Apache Tomcat/9.0.65]
2022-08-23 17:41:55,775 INFO org.apache.juli.logging.DirectJDKLog [restartedMain] Initializing Spring embedded WebApplicationContext
2022-08-23 17:41:55,775 INFO org.springframework.boot.web.servlet.context.ServletWebServerApplicationContext [restartedMain] Root WebApplicationContext: initialization completed in 1008 ms
2022-08-23 17:41:56,226 WARN org.springframework.boot.devtools.autoconfigure.OptionalLiveReloadServer [restartedMain] Unable to start LiveReload server
2022-08-23 17:41:56,237 INFO org.apache.juli.logging.DirectJDKLog [restartedMain] Starting ProtocolHandler ["http-nio-9190"]
2022-08-23 17:41:56,240 WARN org.springframework.context.support.AbstractApplicationContext [restartedMain] Exception encountered during context initialization - cancelling refresh attempt: org.springframework.context.ApplicationContextException: Failed to start bean 'webServerStartStop'; nested exception is org.springframework.boot.web.server.PortInUseException: Port 9190 is already in use
2022-08-23 17:41:56,246 INFO org.apache.juli.logging.DirectJDKLog [restartedMain] Pausing ProtocolHandler ["http-nio-9190"]
2022-08-23 17:41:56,246 INFO org.apache.juli.logging.DirectJDKLog [restartedMain] Stopping service [Tomcat]
2022-08-23 17:41:56,258 INFO org.apache.juli.logging.DirectJDKLog [restartedMain] Stopping ProtocolHandler ["http-nio-9190"]
2022-08-23 17:41:56,258 INFO org.apache.juli.logging.DirectJDKLog [restartedMain] Destroying ProtocolHandler ["http-nio-9190"]
2022-08-23 17:41:56,266 INFO org.springframework.boot.autoconfigure.logging.ConditionEvaluationReportLoggingListener [restartedMain] 

Error starting ApplicationContext. To display the conditions report re-run your application with 'debug' enabled.
2022-08-23 17:41:56,282 ERROR org.springframework.boot.diagnostics.LoggingFailureAnalysisReporter [restartedMain] 

***************************
APPLICATION FAILED TO START
***************************

Description:

Web server failed to start. Port 9190 was already in use.

Action:

Identify and stop the process that's listening on port 9190 or configure this application to listen on another port.

2022-08-23 17:42:10,949 INFO org.springframework.boot.StartupInfoLogger [restartedMain] Starting SendBulkSmsServiceApplication using Java 1.8.0_332 on BONIFACE-PC with PID 30564 (F:\projects\PostBank\sendBulkSmsService\target\classes started by sboniface in F:\projects\PostBank\sendBulkSmsService)
2022-08-23 17:42:10,950 INFO org.springframework.boot.SpringApplication [restartedMain] No active profile set, falling back to 1 default profile: "default"
2022-08-23 17:42:10,996 INFO org.springframework.boot.logging.DeferredLog [restartedMain] The Class-Path manifest attribute in C:\Users\sboniface\.m2\repository\org\tallison\metadata-extractor\2.13.0\metadata-extractor-2.13.0.jar referenced one or more files that do not exist: file:/C:/Users/sboniface/.m2/repository/org/tallison/metadata-extractor/2.13.0/xmpcore-shaded-6.1.10.jar,file:/C:/Users/sboniface/.m2/repository/org/tallison/metadata-extractor/2.13.0/xmpcore-6.1.10.jar
2022-08-23 17:42:10,997 INFO org.springframework.boot.logging.DeferredLog [restartedMain] Devtools property defaults active! Set 'spring.devtools.add-properties' to 'false' to disable
2022-08-23 17:42:10,997 INFO org.springframework.boot.logging.DeferredLog [restartedMain] For additional web related logging consider setting the 'logging.level.web' property to 'DEBUG'
2022-08-23 17:42:11,951 INFO org.springframework.boot.web.embedded.tomcat.TomcatWebServer [restartedMain] Tomcat initialized with port(s): 9190 (http)
2022-08-23 17:42:11,957 INFO org.apache.juli.logging.DirectJDKLog [restartedMain] Initializing ProtocolHandler ["http-nio-9190"]
2022-08-23 17:42:11,958 INFO org.apache.juli.logging.DirectJDKLog [restartedMain] Starting service [Tomcat]
2022-08-23 17:42:11,958 INFO org.apache.juli.logging.DirectJDKLog [restartedMain] Starting Servlet engine: [Apache Tomcat/9.0.65]
2022-08-23 17:42:12,056 INFO org.apache.juli.logging.DirectJDKLog [restartedMain] Initializing Spring embedded WebApplicationContext
2022-08-23 17:42:12,056 INFO org.springframework.boot.web.servlet.context.ServletWebServerApplicationContext [restartedMain] Root WebApplicationContext: initialization completed in 1058 ms
2022-08-23 17:42:12,510 WARN org.springframework.boot.devtools.autoconfigure.OptionalLiveReloadServer [restartedMain] Unable to start LiveReload server
2022-08-23 17:42:12,520 INFO org.apache.juli.logging.DirectJDKLog [restartedMain] Starting ProtocolHandler ["http-nio-9190"]
2022-08-23 17:42:12,536 INFO org.springframework.boot.web.embedded.tomcat.TomcatWebServer [restartedMain] Tomcat started on port(s): 9190 (http) with context path ''
2022-08-23 17:42:12,544 INFO org.springframework.boot.StartupInfoLogger [restartedMain] Started SendBulkSmsServiceApplication in 1.973 seconds (JVM running for 3.563)
2022-08-23 17:42:38,758 INFO org.apache.juli.logging.DirectJDKLog [http-nio-9190-exec-1] Initializing Spring DispatcherServlet 'dispatcherServlet'
2022-08-23 17:42:38,759 INFO org.springframework.web.servlet.FrameworkServlet [http-nio-9190-exec-1] Initializing Servlet 'dispatcherServlet'
2022-08-23 17:42:38,760 INFO org.springframework.web.servlet.FrameworkServlet [http-nio-9190-exec-1] Completed initialization in 1 ms
2022-08-23 17:48:25,330 INFO org.springframework.boot.StartupInfoLogger [restartedMain] Starting SendBulkSmsServiceApplication using Java 1.8.0_332 on BONIFACE-PC with PID 30564 (F:\projects\PostBank\sendBulkSmsService\target\classes started by sboniface in F:\projects\PostBank\sendBulkSmsService)
2022-08-23 17:48:25,331 INFO org.springframework.boot.SpringApplication [restartedMain] No active profile set, falling back to 1 default profile: "default"
2022-08-23 17:48:25,752 INFO org.springframework.boot.web.embedded.tomcat.TomcatWebServer [restartedMain] Tomcat initialized with port(s): 9190 (http)
2022-08-23 17:48:25,753 INFO org.apache.juli.logging.DirectJDKLog [restartedMain] Initializing ProtocolHandler ["http-nio-9190"]
2022-08-23 17:48:25,754 INFO org.apache.juli.logging.DirectJDKLog [restartedMain] Starting service [Tomcat]
2022-08-23 17:48:25,754 INFO org.apache.juli.logging.DirectJDKLog [restartedMain] Starting Servlet engine: [Apache Tomcat/9.0.65]
2022-08-23 17:48:25,780 INFO org.apache.juli.logging.DirectJDKLog [restartedMain] Initializing Spring embedded WebApplicationContext
2022-08-23 17:48:25,781 INFO org.springframework.boot.web.servlet.context.ServletWebServerApplicationContext [restartedMain] Root WebApplicationContext: initialization completed in 443 ms
2022-08-23 17:48:25,926 WARN org.springframework.boot.devtools.autoconfigure.OptionalLiveReloadServer [restartedMain] Unable to start LiveReload server
2022-08-23 17:48:25,931 INFO org.apache.juli.logging.DirectJDKLog [restartedMain] Starting ProtocolHandler ["http-nio-9190"]
2022-08-23 17:48:25,933 INFO org.springframework.boot.web.embedded.tomcat.TomcatWebServer [restartedMain] Tomcat started on port(s): 9190 (http) with context path ''
2022-08-23 17:48:25,938 INFO org.springframework.boot.StartupInfoLogger [restartedMain] Started SendBulkSmsServiceApplication in 0.663 seconds (JVM running for 376.956)
2022-08-23 17:48:25,940 INFO org.springframework.boot.devtools.autoconfigure.ConditionEvaluationDeltaLoggingListener [restartedMain] Condition evaluation unchanged
2022-08-23 17:48:28,662 INFO org.springframework.boot.StartupInfoLogger [restartedMain] Starting SendBulkSmsServiceApplication using Java 1.8.0_332 on BONIFACE-PC with PID 30564 (F:\projects\PostBank\sendBulkSmsService\target\classes started by sboniface in F:\projects\PostBank\sendBulkSmsService)
2022-08-23 17:48:28,663 INFO org.springframework.boot.SpringApplication [restartedMain] No active profile set, falling back to 1 default profile: "default"
2022-08-23 17:48:28,978 INFO org.springframework.boot.web.embedded.tomcat.TomcatWebServer [restartedMain] Tomcat initialized with port(s): 9190 (http)
2022-08-23 17:48:28,979 INFO org.apache.juli.logging.DirectJDKLog [restartedMain] Initializing ProtocolHandler ["http-nio-9190"]
2022-08-23 17:48:28,979 INFO org.apache.juli.logging.DirectJDKLog [restartedMain] Starting service [Tomcat]
2022-08-23 17:48:28,979 INFO org.apache.juli.logging.DirectJDKLog [restartedMain] Starting Servlet engine: [Apache Tomcat/9.0.65]
2022-08-23 17:48:29,013 INFO org.apache.juli.logging.DirectJDKLog [restartedMain] Initializing Spring embedded WebApplicationContext
2022-08-23 17:48:29,013 INFO org.springframework.boot.web.servlet.context.ServletWebServerApplicationContext [restartedMain] Root WebApplicationContext: initialization completed in 346 ms
2022-08-23 17:48:29,121 WARN org.springframework.boot.devtools.autoconfigure.OptionalLiveReloadServer [restartedMain] Unable to start LiveReload server
2022-08-23 17:48:29,130 INFO org.apache.juli.logging.DirectJDKLog [restartedMain] Starting ProtocolHandler ["http-nio-9190"]
2022-08-23 17:48:29,134 INFO org.springframework.boot.web.embedded.tomcat.TomcatWebServer [restartedMain] Tomcat started on port(s): 9190 (http) with context path ''
2022-08-23 17:48:29,141 INFO org.springframework.boot.StartupInfoLogger [restartedMain] Started SendBulkSmsServiceApplication in 0.525 seconds (JVM running for 380.159)
2022-08-23 17:48:29,144 INFO org.springframework.boot.devtools.autoconfigure.ConditionEvaluationDeltaLoggingListener [restartedMain] Condition evaluation unchanged
2022-08-23 17:48:29,592 INFO org.springframework.boot.StartupInfoLogger [main] Starting SendBulkSmsServiceApplicationTests using Java 1.8.0_332 on BONIFACE-PC with PID 41396 (started by sboniface in F:\projects\PostBank\sendBulkSmsService)
2022-08-23 17:48:29,595 INFO org.springframework.boot.SpringApplication [main] No active profile set, falling back to 1 default profile: "default"
2022-08-23 17:48:32,667 INFO org.springframework.boot.StartupInfoLogger [main] Started SendBulkSmsServiceApplicationTests in 3.617 seconds (JVM running for 4.81)
2022-08-23 18:09:11,015 INFO org.springframework.boot.StartupInfoLogger [restartedMain] Starting SendBulkSmsServiceApplication using Java 1.8.0_332 on BONIFACE-PC with PID 28156 (F:\projects\PostBank\sendBulkSmsService\target\classes started by sboniface in F:\projects\PostBank\sendBulkSmsService)
2022-08-23 18:09:11,017 INFO org.springframework.boot.SpringApplication [restartedMain] No active profile set, falling back to 1 default profile: "default"
2022-08-23 18:09:11,064 INFO org.springframework.boot.logging.DeferredLog [restartedMain] The Class-Path manifest attribute in C:\Users\sboniface\.m2\repository\org\tallison\metadata-extractor\2.13.0\metadata-extractor-2.13.0.jar referenced one or more files that do not exist: file:/C:/Users/sboniface/.m2/repository/org/tallison/metadata-extractor/2.13.0/xmpcore-shaded-6.1.10.jar,file:/C:/Users/sboniface/.m2/repository/org/tallison/metadata-extractor/2.13.0/xmpcore-6.1.10.jar
2022-08-23 18:09:11,065 INFO org.springframework.boot.logging.DeferredLog [restartedMain] Devtools property defaults active! Set 'spring.devtools.add-properties' to 'false' to disable
2022-08-23 18:09:11,065 INFO org.springframework.boot.logging.DeferredLog [restartedMain] For additional web related logging consider setting the 'logging.level.web' property to 'DEBUG'
2022-08-23 18:09:12,112 INFO org.springframework.boot.web.embedded.tomcat.TomcatWebServer [restartedMain] Tomcat initialized with port(s): 9190 (http)
2022-08-23 18:09:12,121 INFO org.apache.juli.logging.DirectJDKLog [restartedMain] Initializing ProtocolHandler ["http-nio-9190"]
2022-08-23 18:09:12,121 INFO org.apache.juli.logging.DirectJDKLog [restartedMain] Starting service [Tomcat]
2022-08-23 18:09:12,122 INFO org.apache.juli.logging.DirectJDKLog [restartedMain] Starting Servlet engine: [Apache Tomcat/9.0.65]
2022-08-23 18:09:12,251 INFO org.apache.juli.logging.DirectJDKLog [restartedMain] Initializing Spring embedded WebApplicationContext
2022-08-23 18:09:12,251 INFO org.springframework.boot.web.servlet.context.ServletWebServerApplicationContext [restartedMain] Root WebApplicationContext: initialization completed in 1186 ms
2022-08-23 18:09:12,759 WARN org.springframework.boot.devtools.autoconfigure.OptionalLiveReloadServer [restartedMain] Unable to start LiveReload server
2022-08-23 18:09:12,771 INFO org.apache.juli.logging.DirectJDKLog [restartedMain] Starting ProtocolHandler ["http-nio-9190"]
2022-08-23 18:09:12,786 INFO org.springframework.boot.web.embedded.tomcat.TomcatWebServer [restartedMain] Tomcat started on port(s): 9190 (http) with context path ''
2022-08-23 18:09:12,795 INFO org.springframework.boot.StartupInfoLogger [restartedMain] Started SendBulkSmsServiceApplication in 2.183 seconds (JVM running for 3.696)
2022-08-23 18:10:19,634 INFO org.springframework.boot.StartupInfoLogger [restartedMain] Starting SendBulkSmsServiceApplication using Java 1.8.0_332 on BONIFACE-PC with PID 28156 (F:\projects\PostBank\sendBulkSmsService\target\classes started by sboniface in F:\projects\PostBank\sendBulkSmsService)
2022-08-23 18:10:19,635 INFO org.springframework.boot.SpringApplication [restartedMain] No active profile set, falling back to 1 default profile: "default"
2022-08-23 18:10:22,255 INFO org.springframework.boot.web.embedded.tomcat.TomcatWebServer [restartedMain] Tomcat initialized with port(s): 9190 (http)
2022-08-23 18:10:22,256 INFO org.apache.juli.logging.DirectJDKLog [restartedMain] Initializing ProtocolHandler ["http-nio-9190"]
2022-08-23 18:10:22,268 INFO org.apache.juli.logging.DirectJDKLog [restartedMain] Starting service [Tomcat]
2022-08-23 18:10:22,268 INFO org.apache.juli.logging.DirectJDKLog [restartedMain] Starting Servlet engine: [Apache Tomcat/9.0.65]
2022-08-23 18:10:22,451 INFO org.apache.juli.logging.DirectJDKLog [restartedMain] Initializing Spring embedded WebApplicationContext
2022-08-23 18:10:22,451 INFO org.springframework.boot.web.servlet.context.ServletWebServerApplicationContext [restartedMain] Root WebApplicationContext: initialization completed in 2813 ms
2022-08-23 18:10:23,537 WARN org.springframework.boot.devtools.autoconfigure.OptionalLiveReloadServer [restartedMain] Unable to start LiveReload server
2022-08-23 18:10:23,546 INFO org.apache.juli.logging.DirectJDKLog [restartedMain] Starting ProtocolHandler ["http-nio-9190"]
2022-08-23 18:10:23,549 INFO org.springframework.boot.web.embedded.tomcat.TomcatWebServer [restartedMain] Tomcat started on port(s): 9190 (http) with context path ''
2022-08-23 18:10:23,556 INFO org.springframework.boot.StartupInfoLogger [restartedMain] Started SendBulkSmsServiceApplication in 5.741 seconds (JVM running for 74.457)
2022-08-23 18:10:23,559 INFO org.springframework.boot.devtools.autoconfigure.ConditionEvaluationDeltaLoggingListener [restartedMain] Condition evaluation unchanged
2022-08-23 18:10:26,697 INFO org.springframework.boot.StartupInfoLogger [restartedMain] Starting SendBulkSmsServiceApplication using Java 1.8.0_332 on BONIFACE-PC with PID 28156 (F:\projects\PostBank\sendBulkSmsService\target\classes started by sboniface in F:\projects\PostBank\sendBulkSmsService)
2022-08-23 18:10:26,697 INFO org.springframework.boot.SpringApplication [restartedMain] No active profile set, falling back to 1 default profile: "default"
2022-08-23 18:10:26,978 INFO org.springframework.boot.web.embedded.tomcat.TomcatWebServer [restartedMain] Tomcat initialized with port(s): 9190 (http)
2022-08-23 18:10:26,979 INFO org.apache.juli.logging.DirectJDKLog [restartedMain] Initializing ProtocolHandler ["http-nio-9190"]
2022-08-23 18:10:26,979 INFO org.apache.juli.logging.DirectJDKLog [restartedMain] Starting service [Tomcat]
2022-08-23 18:10:26,979 INFO org.apache.juli.logging.DirectJDKLog [restartedMain] Starting Servlet engine: [Apache Tomcat/9.0.65]
2022-08-23 18:10:27,009 INFO org.apache.juli.logging.DirectJDKLog [restartedMain] Initializing Spring embedded WebApplicationContext
2022-08-23 18:10:27,010 INFO org.springframework.boot.web.servlet.context.ServletWebServerApplicationContext [restartedMain] Root WebApplicationContext: initialization completed in 310 ms
2022-08-23 18:10:27,092 WARN org.springframework.boot.devtools.autoconfigure.OptionalLiveReloadServer [restartedMain] Unable to start LiveReload server
2022-08-23 18:10:27,099 INFO org.apache.juli.logging.DirectJDKLog [restartedMain] Starting ProtocolHandler ["http-nio-9190"]
2022-08-23 18:10:27,101 INFO org.springframework.boot.web.embedded.tomcat.TomcatWebServer [restartedMain] Tomcat started on port(s): 9190 (http) with context path ''
2022-08-23 18:10:27,104 INFO org.springframework.boot.StartupInfoLogger [restartedMain] Started SendBulkSmsServiceApplication in 0.441 seconds (JVM running for 78.005)
2022-08-23 18:10:27,106 INFO org.springframework.boot.devtools.autoconfigure.ConditionEvaluationDeltaLoggingListener [restartedMain] Condition evaluation unchanged
2022-08-23 18:10:28,550 INFO org.springframework.boot.StartupInfoLogger [main] Starting SendBulkSmsServiceApplicationTests using Java 1.8.0_332 on BONIFACE-PC with PID 17100 (started by sboniface in F:\projects\PostBank\sendBulkSmsService)
2022-08-23 18:10:28,552 INFO org.springframework.boot.SpringApplication [main] No active profile set, falling back to 1 default profile: "default"
2022-08-23 18:10:31,166 INFO org.springframework.boot.StartupInfoLogger [main] Started SendBulkSmsServiceApplicationTests in 3.054 seconds (JVM running for 4.046)
2022-08-23 18:15:53,845 INFO org.springframework.boot.StartupInfoLogger [restartedMain] Starting SendBulkSmsServiceApplication using Java 1.8.0_332 on BONIFACE-PC with PID 28156 (F:\projects\PostBank\sendBulkSmsService\target\classes started by sboniface in F:\projects\PostBank\sendBulkSmsService)
2022-08-23 18:15:53,845 INFO org.springframework.boot.SpringApplication [restartedMain] No active profile set, falling back to 1 default profile: "default"
2022-08-23 18:15:54,142 INFO org.springframework.boot.web.embedded.tomcat.TomcatWebServer [restartedMain] Tomcat initialized with port(s): 9190 (http)
2022-08-23 18:15:54,143 INFO org.apache.juli.logging.DirectJDKLog [restartedMain] Initializing ProtocolHandler ["http-nio-9190"]
2022-08-23 18:15:54,143 INFO org.apache.juli.logging.DirectJDKLog [restartedMain] Starting service [Tomcat]
2022-08-23 18:15:54,143 INFO org.apache.juli.logging.DirectJDKLog [restartedMain] Starting Servlet engine: [Apache Tomcat/9.0.65]
2022-08-23 18:15:54,166 INFO org.apache.juli.logging.DirectJDKLog [restartedMain] Initializing Spring embedded WebApplicationContext
2022-08-23 18:15:54,166 INFO org.springframework.boot.web.servlet.context.ServletWebServerApplicationContext [restartedMain] Root WebApplicationContext: initialization completed in 318 ms
2022-08-23 18:15:54,250 WARN org.springframework.boot.devtools.autoconfigure.OptionalLiveReloadServer [restartedMain] Unable to start LiveReload server
2022-08-23 18:15:54,254 INFO org.apache.juli.logging.DirectJDKLog [restartedMain] Starting ProtocolHandler ["http-nio-9190"]
2022-08-23 18:15:54,257 INFO org.springframework.boot.web.embedded.tomcat.TomcatWebServer [restartedMain] Tomcat started on port(s): 9190 (http) with context path ''
2022-08-23 18:15:54,261 INFO org.springframework.boot.StartupInfoLogger [restartedMain] Started SendBulkSmsServiceApplication in 0.453 seconds (JVM running for 405.161)
2022-08-23 18:15:54,261 INFO org.springframework.boot.devtools.autoconfigure.ConditionEvaluationDeltaLoggingListener [restartedMain] Condition evaluation unchanged
2022-08-23 18:15:56,557 INFO org.springframework.boot.StartupInfoLogger [restartedMain] Starting SendBulkSmsServiceApplication using Java 1.8.0_332 on BONIFACE-PC with PID 28156 (F:\projects\PostBank\sendBulkSmsService\target\classes started by sboniface in F:\projects\PostBank\sendBulkSmsService)
2022-08-23 18:15:56,557 INFO org.springframework.boot.SpringApplication [restartedMain] No active profile set, falling back to 1 default profile: "default"
2022-08-23 18:15:56,786 INFO org.springframework.boot.StartupInfoLogger [main] Starting SendBulkSmsServiceApplicationTests using Java 1.8.0_332 on BONIFACE-PC with PID 8200 (started by sboniface in F:\projects\PostBank\sendBulkSmsService)
2022-08-23 18:15:56,787 INFO org.springframework.boot.SpringApplication [main] No active profile set, falling back to 1 default profile: "default"
2022-08-23 18:15:56,834 INFO org.springframework.boot.web.embedded.tomcat.TomcatWebServer [restartedMain] Tomcat initialized with port(s): 9190 (http)
2022-08-23 18:15:56,834 INFO org.apache.juli.logging.DirectJDKLog [restartedMain] Initializing ProtocolHandler ["http-nio-9190"]
2022-08-23 18:15:56,834 INFO org.apache.juli.logging.DirectJDKLog [restartedMain] Starting service [Tomcat]
2022-08-23 18:15:56,835 INFO org.apache.juli.logging.DirectJDKLog [restartedMain] Starting Servlet engine: [Apache Tomcat/9.0.65]
2022-08-23 18:15:56,862 INFO org.apache.juli.logging.DirectJDKLog [restartedMain] Initializing Spring embedded WebApplicationContext
2022-08-23 18:15:56,863 INFO org.springframework.boot.web.servlet.context.ServletWebServerApplicationContext [restartedMain] Root WebApplicationContext: initialization completed in 303 ms
2022-08-23 18:15:56,966 WARN org.springframework.boot.devtools.autoconfigure.OptionalLiveReloadServer [restartedMain] Unable to start LiveReload server
2022-08-23 18:15:56,975 INFO org.apache.juli.logging.DirectJDKLog [restartedMain] Starting ProtocolHandler ["http-nio-9190"]
2022-08-23 18:15:56,982 INFO org.springframework.boot.web.embedded.tomcat.TomcatWebServer [restartedMain] Tomcat started on port(s): 9190 (http) with context path ''
2022-08-23 18:15:56,986 INFO org.springframework.boot.StartupInfoLogger [restartedMain] Started SendBulkSmsServiceApplication in 0.464 seconds (JVM running for 407.887)
2022-08-23 18:15:56,989 INFO org.springframework.boot.devtools.autoconfigure.ConditionEvaluationDeltaLoggingListener [restartedMain] Condition evaluation unchanged
2022-08-23 18:15:59,336 INFO org.springframework.boot.StartupInfoLogger [main] Started SendBulkSmsServiceApplicationTests in 2.989 seconds (JVM running for 3.912)
2022-08-23 18:57:03,611 INFO org.springframework.boot.StartupInfoLogger [restartedMain] Starting SendBulkSmsServiceApplication using Java 1.8.0_332 on BONIFACE-PC with PID 28156 (F:\projects\PostBank\sendBulkSmsService\target\classes started by sboniface in F:\projects\PostBank\sendBulkSmsService)
2022-08-23 18:57:03,611 INFO org.springframework.boot.SpringApplication [restartedMain] No active profile set, falling back to 1 default profile: "default"
2022-08-23 18:57:03,912 INFO org.springframework.boot.web.embedded.tomcat.TomcatWebServer [restartedMain] Tomcat initialized with port(s): 9190 (http)
2022-08-23 18:57:03,912 INFO org.apache.juli.logging.DirectJDKLog [restartedMain] Initializing ProtocolHandler ["http-nio-9190"]
2022-08-23 18:57:03,913 INFO org.apache.juli.logging.DirectJDKLog [restartedMain] Starting service [Tomcat]
2022-08-23 18:57:03,913 INFO org.apache.juli.logging.DirectJDKLog [restartedMain] Starting Servlet engine: [Apache Tomcat/9.0.65]
2022-08-23 18:57:03,933 INFO org.apache.juli.logging.DirectJDKLog [restartedMain] Initializing Spring embedded WebApplicationContext
2022-08-23 18:57:03,934 INFO org.springframework.boot.web.servlet.context.ServletWebServerApplicationContext [restartedMain] Root WebApplicationContext: initialization completed in 320 ms
2022-08-23 18:57:04,070 WARN org.springframework.boot.devtools.autoconfigure.OptionalLiveReloadServer [restartedMain] Unable to start LiveReload server
2022-08-23 18:57:04,075 INFO org.apache.juli.logging.DirectJDKLog [restartedMain] Starting ProtocolHandler ["http-nio-9190"]
2022-08-23 18:57:04,077 INFO org.springframework.boot.web.embedded.tomcat.TomcatWebServer [restartedMain] Tomcat started on port(s): 9190 (http) with context path ''
2022-08-23 18:57:04,080 INFO org.springframework.boot.StartupInfoLogger [restartedMain] Started SendBulkSmsServiceApplication in 0.517 seconds (JVM running for 2874.981)
2022-08-23 18:57:04,081 INFO org.springframework.boot.devtools.autoconfigure.ConditionEvaluationDeltaLoggingListener [restartedMain] Condition evaluation unchanged
2022-08-23 18:57:06,673 INFO org.springframework.boot.StartupInfoLogger [restartedMain] Starting SendBulkSmsServiceApplication using Java 1.8.0_332 on BONIFACE-PC with PID 28156 (F:\projects\PostBank\sendBulkSmsService\target\classes started by sboniface in F:\projects\PostBank\sendBulkSmsService)
2022-08-23 18:57:06,673 INFO org.springframework.boot.SpringApplication [restartedMain] No active profile set, falling back to 1 default profile: "default"
2022-08-23 18:57:06,990 INFO org.springframework.boot.web.embedded.tomcat.TomcatWebServer [restartedMain] Tomcat initialized with port(s): 9190 (http)
2022-08-23 18:57:06,991 INFO org.apache.juli.logging.DirectJDKLog [restartedMain] Initializing ProtocolHandler ["http-nio-9190"]
2022-08-23 18:57:06,992 INFO org.apache.juli.logging.DirectJDKLog [restartedMain] Starting service [Tomcat]
2022-08-23 18:57:06,993 INFO org.apache.juli.logging.DirectJDKLog [restartedMain] Starting Servlet engine: [Apache Tomcat/9.0.65]
2022-08-23 18:57:07,028 INFO org.apache.juli.logging.DirectJDKLog [restartedMain] Initializing Spring embedded WebApplicationContext
2022-08-23 18:57:07,028 INFO org.springframework.boot.web.servlet.context.ServletWebServerApplicationContext [restartedMain] Root WebApplicationContext: initialization completed in 353 ms
2022-08-23 18:57:07,039 WARN org.springframework.context.support.AbstractApplicationContext [restartedMain] Exception encountered during context initialization - cancelling refresh attempt: org.springframework.beans.factory.BeanCreationException: Error creating bean with name 'apiCall': Lookup method resolution failed; nested exception is java.lang.IllegalStateException: Failed to introspect Class [com.sammy.sendbulksmsservice.Service.ApiCall] from ClassLoader [org.springframework.boot.devtools.restart.classloader.RestartClassLoader@68c03d31]
2022-08-23 18:57:07,040 INFO org.apache.juli.logging.DirectJDKLog [restartedMain] Stopping service [Tomcat]
2022-08-23 18:57:07,049 INFO org.springframework.boot.autoconfigure.logging.ConditionEvaluationReportLoggingListener [restartedMain] 

Error starting ApplicationContext. To display the conditions report re-run your application with 'debug' enabled.
2022-08-23 18:57:07,057 WARN org.springframework.boot.test.json.DuplicateJsonObjectContextCustomizerFactory$DuplicateJsonObjectContextCustomizer [main] 

Found multiple occurrences of org.json.JSONObject on the class path:

	jar:file:/C:/Users/sboniface/.m2/repository/org/json/json/20201115/json-20201115.jar!/org/json/JSONObject.class
	jar:file:/C:/Users/sboniface/.m2/repository/com/vaadin/external/google/android-json/0.0.20131108.vaadin1/android-json-0.0.20131108.vaadin1.jar!/org/json/JSONObject.class

You may wish to exclude one of them to ensure predictable runtime behavior

2022-08-23 18:57:07,079 INFO org.springframework.boot.StartupInfoLogger [main] Starting SendBulkSmsServiceApplicationTests using Java 1.8.0_332 on BONIFACE-PC with PID 33816 (started by sboniface in F:\projects\PostBank\sendBulkSmsService)
2022-08-23 18:57:07,081 INFO org.springframework.boot.SpringApplication [main] No active profile set, falling back to 1 default profile: "default"
2022-08-23 18:57:07,082 ERROR org.springframework.boot.SpringApplication [restartedMain] Application run failed
org.springframework.beans.factory.BeanCreationException: Error creating bean with name 'apiCall': Lookup method resolution failed; nested exception is java.lang.IllegalStateException: Failed to introspect Class [com.sammy.sendbulksmsservice.Service.ApiCall] from ClassLoader [org.springframework.boot.devtools.restart.classloader.RestartClassLoader@68c03d31]
	at org.springframework.beans.factory.annotation.AutowiredAnnotationBeanPostProcessor.determineCandidateConstructors(AutowiredAnnotationBeanPostProcessor.java:289)
	at org.springframework.beans.factory.support.AbstractAutowireCapableBeanFactory.determineConstructorsFromBeanPostProcessors(AbstractAutowireCapableBeanFactory.java:1302)
	at org.springframework.beans.factory.support.AbstractAutowireCapableBeanFactory.createBeanInstance(AbstractAutowireCapableBeanFactory.java:1219)
	at org.springframework.beans.factory.support.AbstractAutowireCapableBeanFactory.doCreateBean(AbstractAutowireCapableBeanFactory.java:582)
	at org.springframework.beans.factory.support.AbstractAutowireCapableBeanFactory.createBean(AbstractAutowireCapableBeanFactory.java:542)
	at org.springframework.beans.factory.support.AbstractBeanFactory.lambda$doGetBean$0(AbstractBeanFactory.java:335)
	at org.springframework.beans.factory.support.DefaultSingletonBeanRegistry.getSingleton(DefaultSingletonBeanRegistry.java:234)
	at org.springframework.beans.factory.support.AbstractBeanFactory.doGetBean(AbstractBeanFactory.java:333)
	at org.springframework.beans.factory.support.AbstractBeanFactory.getBean(AbstractBeanFactory.java:208)
	at org.springframework.beans.factory.support.DefaultListableBeanFactory.preInstantiateSingletons(DefaultListableBeanFactory.java:955)
	at org.springframework.context.support.AbstractApplicationContext.finishBeanFactoryInitialization(AbstractApplicationContext.java:918)
	at org.springframework.context.support.AbstractApplicationContext.refresh(AbstractApplicationContext.java:583)
	at org.springframework.boot.web.servlet.context.ServletWebServerApplicationContext.refresh(ServletWebServerApplicationContext.java:147)
	at org.springframework.boot.SpringApplication.refresh(SpringApplication.java:734)
	at org.springframework.boot.SpringApplication.refreshContext(SpringApplication.java:408)
	at org.springframework.boot.SpringApplication.run(SpringApplication.java:308)
	at org.springframework.boot.SpringApplication.run(SpringApplication.java:1306)
	at org.springframework.boot.SpringApplication.run(SpringApplication.java:1295)
	at com.sammy.sendbulksmsservice.SendBulkSmsServiceApplication.main(SendBulkSmsServiceApplication.java:10)
	at sun.reflect.NativeMethodAccessorImpl.invoke0(Native Method)
	at sun.reflect.NativeMethodAccessorImpl.invoke(NativeMethodAccessorImpl.java:62)
	at sun.reflect.DelegatingMethodAccessorImpl.invoke(DelegatingMethodAccessorImpl.java:43)
	at java.lang.reflect.Method.invoke(Method.java:498)
	at org.springframework.boot.devtools.restart.RestartLauncher.run(RestartLauncher.java:49)
Caused by: java.lang.IllegalStateException: Failed to introspect Class [com.sammy.sendbulksmsservice.Service.ApiCall] from ClassLoader [org.springframework.boot.devtools.restart.classloader.RestartClassLoader@68c03d31]
	at org.springframework.util.ReflectionUtils.getDeclaredMethods(ReflectionUtils.java:485)
	at org.springframework.util.ReflectionUtils.doWithLocalMethods(ReflectionUtils.java:321)
	at org.springframework.beans.factory.annotation.AutowiredAnnotationBeanPostProcessor.determineCandidateConstructors(AutowiredAnnotationBeanPostProcessor.java:267)
	... 23 common frames omitted
Caused by: java.lang.NoClassDefFoundError: org/json/JSONException
	at java.lang.Class.getDeclaredMethods0(Native Method)
	at java.lang.Class.privateGetDeclaredMethods(Class.java:2729)
	at java.lang.Class.getDeclaredMethods(Class.java:2003)
	at org.springframework.util.ReflectionUtils.getDeclaredMethods(ReflectionUtils.java:467)
	... 25 common frames omitted
Caused by: java.lang.ClassNotFoundException: org.json.JSONException
	at java.net.URLClassLoader.findClass(URLClassLoader.java:387)
	at java.lang.ClassLoader.loadClass(ClassLoader.java:418)
	at sun.misc.Launcher$AppClassLoader.loadClass(Launcher.java:352)
	at java.lang.ClassLoader.loadClass(ClassLoader.java:351)
	at java.lang.Class.forName0(Native Method)
	at java.lang.Class.forName(Class.java:348)
	at org.springframework.boot.devtools.restart.classloader.RestartClassLoader.loadClass(RestartClassLoader.java:145)
	at java.lang.ClassLoader.loadClass(ClassLoader.java:351)
	... 29 common frames omitted
2022-08-23 18:57:11,267 INFO org.springframework.boot.StartupInfoLogger [main] Started SendBulkSmsServiceApplicationTests in 4.772 seconds (JVM running for 5.999)
